<?xml version="1.0" encoding="UTF-8"?>
<!-- Generated by org.testng.reporters.JUnitReportReporter -->
<testsuite hostname="Mouris-Air" failures="0" tests="1" name="CommandsExample.BrowserCommands" time="0.017" errors="0" timestamp="2024-06-06T16:50:49 CEST" skipped="0">
  <testcase classname="CommandsExample.BrowserCommands" name="browserCommands" time="0.017"/>
  <system-out/>
</testsuite> <!-- CommandsExample.BrowserCommands -->
