<?xml version="1.0" encoding="UTF-8"?>
<!-- Generated by org.testng.reporters.JUnitReportReporter -->
<testsuite hostname="Mouris-Air" failures="0" tests="1" name="locatorExamples.LocateById" time="5.048" errors="0" timestamp="2024-06-06T00:59:02 CEST" skipped="0">
  <testcase classname="locatorExamples.LocateById" name="locateById" time="5.048"/>
  <system-out/>
</testsuite> <!-- locatorExamples.LocateById -->
