<?xml version="1.0" encoding="UTF-8"?>
<!-- Generated by org.testng.reporters.JUnitReportReporter -->
<testsuite hostname="Mouris-Air" failures="0" tests="1" name="mouri.project.com.OpenUrl" time="13.601" errors="0" timestamp="2024-05-29T22:58:16 CEST" skipped="0">
  <testcase classname="mouri.project.com.OpenUrl" name="open" time="13.601"/>
  <system-out/>
</testsuite> <!-- mouri.project.com.OpenUrl -->
