<?xml version="1.0" encoding="UTF-8"?>
<!-- Generated by org.testng.reporters.JUnitReportReporter -->
<testsuite hostname="Mouris-Air" failures="0" tests="1" name="locatorExamples.LocatorByName" time="5.042" errors="0" timestamp="2024-06-06T01:00:57 CEST" skipped="0">
  <testcase classname="locatorExamples.LocatorByName" name="locatorByName" time="5.042"/>
  <system-out/>
</testsuite> <!-- locatorExamples.LocatorByName -->
