<?xml version="1.0" encoding="UTF-8"?>
<!-- Generated by org.testng.reporters.JUnitReportReporter -->
<testsuite hostname="Mouris-Air" failures="0" tests="1" name="mouri.project.com.OpenUrl" time="32.400" errors="0" timestamp="2024-06-05T23:53:49 CEST" skipped="0">
  <testcase classname="mouri.project.com.OpenUrl" name="open" time="32.400"/>
  <system-out/>
</testsuite> <!-- mouri.project.com.OpenUrl -->
