<?xml version="1.0" encoding="UTF-8"?>
<!-- Generated by org.testng.reporters.JUnitReportReporter -->
<testsuite hostname="Mouris-Air" failures="0" tests="1" name="locatorExamples.NavigationCommands" time="14.357" errors="0" timestamp="2024-06-06T15:31:37 CEST" skipped="0">
  <testcase classname="locatorExamples.NavigationCommands" name="navigateTo" time="14.357"/>
  <system-out/>
</testsuite> <!-- locatorExamples.NavigationCommands -->
