<?xml version="1.0" encoding="UTF-8"?>
<!-- Generated by org.testng.reporters.JUnitReportReporter -->
<testsuite hostname="Mouris-Air" failures="0" tests="1" name="locatorExamples.LocatorByTagName" time="0.015" errors="0" timestamp="2024-06-06T01:52:18 CEST" skipped="0">
  <testcase classname="locatorExamples.LocatorByTagName" name="tagName" time="0.015"/>
  <system-out/>
</testsuite> <!-- locatorExamples.LocatorByTagName -->
