<?xml version="1.0" encoding="UTF-8"?>
<!-- Generated by org.testng.reporters.JUnitReportReporter -->
<testsuite hostname="Mouris-Air" failures="0" tests="1" name="mouri.project.com.TestNgExamples" time="0.002" errors="0" timestamp="2024-06-05T23:42:31 CEST" skipped="0">
  <testcase classname="mouri.project.com.TestNgExamples" name="testExample2" time="0.002"/>
  <system-out/>
</testsuite> <!-- mouri.project.com.TestNgExamples -->
