<?xml version="1.0" encoding="UTF-8"?>
<!-- Generated by org.testng.reporters.JUnitReportReporter -->
<testsuite hostname="Mouris-Air" failures="0" tests="1" name="locatorExamples.LocatorByCssSelector" time="7.724" errors="0" timestamp="2024-06-06T01:11:19 CEST" skipped="0">
  <testcase classname="locatorExamples.LocatorByCssSelector" name="locatorByCSSselector" time="7.724"/>
  <system-out/>
</testsuite> <!-- locatorExamples.LocatorByCssSelector -->
