<?xml version="1.0" encoding="UTF-8"?>
<!-- Generated by org.testng.reporters.JUnitReportReporter -->
<testsuite hostname="Mouris-Air" failures="0" tests="1" name="locatorExamples.WebElementCommands" time="15.325" errors="0" timestamp="2024-06-06T16:20:03 CEST" skipped="0">
  <testcase classname="locatorExamples.WebElementCommands" name="webElementCommands" time="15.325"/>
  <system-out/>
</testsuite> <!-- locatorExamples.WebElementCommands -->
