<?xml version="1.0" encoding="UTF-8"?>
<!-- Generated by org.testng.reporters.JUnitReportReporter -->
<testsuite hostname="Mouris-Air" failures="0" tests="1" name="locatorExamples.XpathLocator" time="5.044" errors="0" timestamp="2024-06-06T03:21:55 CEST" skipped="0">
  <testcase classname="locatorExamples.XpathLocator" name="mobile" time="5.044"/>
  <system-out/>
</testsuite> <!-- locatorExamples.XpathLocator -->
