<?xml version="1.0" encoding="UTF-8"?>
<!-- Generated by org.testng.reporters.JUnitReportReporter -->
<testsuite hostname="Mouris-Air" failures="0" tests="1" name="mouri.project.com.POS_login" time="5.153" errors="0" timestamp="2024-06-06T14:47:14 CEST" skipped="0">
  <testcase classname="mouri.project.com.POS_login" name="locateByemail" time="5.153"/>
  <system-out/>
</testsuite> <!-- mouri.project.com.POS_login -->
